<?xml version="1.0" encoding="UTF-8"?>
<!-- Generated by org.testng.reporters.JUnitReportReporter -->
<testsuite hostname="DESKTOP-2P7KUM1" failures="0" tests="4" name="api.test.UserTests2" time="8.303" errors="0" timestamp="2024-09-19T14:55:30 IST" skipped="0">
  <testcase classname="api.test.UserTests2" name="testPostUser" time="2.121"/>
  <system-out/>
  <testcase classname="api.test.UserTests2" name="testGetUserByName" time="1.536"/>
  <system-out/>
  <testcase classname="api.test.UserTests2" name="testUpdateUserByName" time="3.116"/>
  <system-out/>
  <testcase classname="api.test.UserTests2" name="testDeleteUserByName" time="1.530"/>
  <system-out/>
</testsuite> <!-- api.test.UserTests2 -->
